# JRE version: Java(TM) SE Runtime Environment (8.0_121-b13) (build 1.8.0_121-b13)
# Java VM: Java HotSpot(TM) 64-Bit Server VM (25.121-b13 mixed mode windows-amd64 compressed oops)
Heap:
 PSYoungGen      total 526336K, used 150433K [0x000000076bb80000, 0x0000000798b80000, 0x00000007c0000000)
  eden space 354816K, 6% used [0x000000076bb80000,0x000000076d11c200,0x0000000781600000)
  from space 171520K, 74% used [0x000000078c800000,0x000000079454c4b8,0x0000000796f80000)
  to   space 182272K, 0% used [0x0000000781600000,0x0000000781600000,0x000000078c800000)
 ParOldGen       total 174080K, used 70321K [0x00000006c3200000, 0x00000006cdc00000, 0x000000076bb80000)
  object space 174080K, 40% used [0x00000006c3200000,0x00000006c76ac788,0x00000006cdc00000)
 Metaspace       used 45035K, capacity 45392K, committed 45696K, reserved 1089536K
  class space    used 6294K, capacity 6445K, committed 6528K, reserved 1048576K
GC Heap History (10 events):
Event: 41.996 GC heap before
{Heap before GC invocations=30 (full 2):
 PSYoungGen      total 406528K, used 392456K [0x000000076bb80000, 0x000000078ec80000, 0x00000007c0000000)
  eden space 293888K, 100% used [0x000000076bb80000,0x000000077da80000,0x000000077da80000)
  from space 112640K, 87% used [0x000000077da80000,0x0000000783ac2208,0x0000000784880000)
  to   space 125440K, 0% used [0x0000000787200000,0x0000000787200000,0x000000078ec80000)
 ParOldGen       total 174080K, used 50049K [0x00000006c3200000, 0x00000006cdc00000, 0x000000076bb80000)
  object space 174080K, 28% used [0x00000006c3200000,0x00000006c62e0788,0x00000006cdc00000)
 Metaspace       used 44961K, capacity 45380K, committed 45696K, reserved 1089536K
  class space    used 6292K, capacity 6443K, committed 6528K, reserved 1048576K
Event: 42.025 GC heap after
Heap after GC invocations=30 (full 2):
 PSYoungGen      total 436224K, used 106247K [0x000000076bb80000, 0x0000000790980000, 0x00000007c0000000)
  eden space 310784K, 0% used [0x000000076bb80000,0x000000076bb80000,0x000000077eb00000)
  from space 125440K, 84% used [0x0000000787200000,0x000000078d9c1ea0,0x000000078ec80000)
  to   space 138240K, 0% used [0x000000077eb00000,0x000000077eb00000,0x0000000787200000)
 ParOldGen       total 174080K, used 50049K [0x00000006c3200000, 0x00000006cdc00000, 0x000000076bb80000)
  object space 174080K, 28% used [0x00000006c3200000,0x00000006c62e0788,0x00000006cdc00000)
 Metaspace       used 44961K, capacity 45380K, committed 45696K, reserved 1089536K
  class space    used 6292K, capacity 6443K, committed 6528K, reserved 1048576K
}
Event: 45.089 GC heap before
{Heap before GC invocations=31 (full 2):
 PSYoungGen      total 436224K, used 417031K [0x000000076bb80000, 0x0000000790980000, 0x00000007c0000000)
  eden space 310784K, 100% used [0x000000076bb80000,0x000000077eb00000,0x000000077eb00000)
  from space 125440K, 84% used [0x0000000787200000,0x000000078d9c1ea0,0x000000078ec80000)
  to   space 138240K, 0% used [0x000000077eb00000,0x000000077eb00000,0x0000000787200000)
 ParOldGen       total 174080K, used 50049K [0x00000006c3200000, 0x00000006cdc00000, 0x000000076bb80000)
  object space 174080K, 28% used [0x00000006c3200000,0x00000006c62e0788,0x00000006cdc00000)
 Metaspace       used 44991K, capacity 45392K, committed 45696K, reserved 1089536K
  class space    used 6293K, capacity 6445K, committed 6528K, reserved 1048576K
Event: 45.111 GC heap after
Heap after GC invocations=31 (full 2):
 PSYoungGen      total 449024K, used 111515K [0x000000076bb80000, 0x0000000793200000, 0x00000007c0000000)
  eden space 310784K, 0% used [0x000000076bb80000,0x000000076bb80000,0x000000077eb00000)
  from space 138240K, 80% used [0x000000077eb00000,0x00000007857e6e20,0x0000000787200000)
  to   space 150528K, 0% used [0x0000000789f00000,0x0000000789f00000,0x0000000793200000)
 ParOldGen       total 174080K, used 54377K [0x00000006c3200000, 0x00000006cdc00000, 0x000000076bb80000)
  object space 174080K, 31% used [0x00000006c3200000,0x00000006c671a788,0x00000006cdc00000)
 Metaspace       used 44991K, capacity 45392K, committed 45696K, reserved 1089536K
  class space    used 6293K, capacity 6445K, committed 6528K, reserved 1048576K
}
Event: 49.345 GC heap before
{Heap before GC invocations=32 (full 2):
 PSYoungGen      total 449024K, used 422299K [0x000000076bb80000, 0x0000000793200000, 0x00000007c0000000)
  eden space 310784K, 100% used [0x000000076bb80000,0x000000077eb00000,0x000000077eb00000)
  from space 138240K, 80% used [0x000000077eb00000,0x00000007857e6e20,0x0000000787200000)
  to   space 150528K, 0% used [0x0000000789f00000,0x0000000789f00000,0x0000000793200000)
 ParOldGen       total 174080K, used 54377K [0x00000006c3200000, 0x00000006cdc00000, 0x000000076bb80000)
  object space 174080K, 31% used [0x00000006c3200000,0x00000006c671a788,0x00000006cdc00000)
 Metaspace       used 44996K, capacity 45392K, committed 45696K, reserved 1089536K
  class space    used 6293K, capacity 6445K, committed 6528K, reserved 1048576K
Event: 49.371 GC heap after
Heap after GC invocations=32 (full 2):
 PSYoungGen      total 484352K, used 115029K [0x000000076bb80000, 0x0000000794500000, 0x00000007c0000000)
  eden space 333824K, 0% used [0x000000076bb80000,0x000000076bb80000,0x0000000780180000)
  from space 150528K, 76% used [0x0000000789f00000,0x0000000790f55700,0x0000000793200000)
  to   space 161280K, 0% used [0x0000000780180000,0x0000000780180000,0x0000000789f00000)
 ParOldGen       total 174080K, used 58473K [0x00000006c3200000, 0x00000006cdc00000, 0x000000076bb80000)
  object space 174080K, 33% used [0x00000006c3200000,0x00000006c6b1a788,0x00000006cdc00000)
 Metaspace       used 44996K, capacity 45392K, committed 45696K, reserved 1089536K
  class space    used 6293K, capacity 6445K, committed 6528K, reserved 1048576K
}
Event: 52.715 GC heap before
{Heap before GC invocations=33 (full 2):
 PSYoungGen      total 484352K, used 448853K [0x000000076bb80000, 0x0000000794500000, 0x00000007c0000000)
  eden space 333824K, 100% used [0x000000076bb80000,0x0000000780180000,0x0000000780180000)
  from space 150528K, 76% used [0x0000000789f00000,0x0000000790f55700,0x0000000793200000)
  to   space 161280K, 0% used [0x0000000780180000,0x0000000780180000,0x0000000789f00000)
 ParOldGen       total 174080K, used 58473K [0x00000006c3200000, 0x00000006cdc00000, 0x000000076bb80000)
  object space 174080K, 33% used [0x00000006c3200000,0x00000006c6b1a788,0x00000006cdc00000)
 Metaspace       used 45007K, capacity 45392K, committed 45696K, reserved 1089536K
  class space    used 6294K, capacity 6445K, committed 6528K, reserved 1048576K
Event: 52.736 GC heap after
Heap after GC invocations=33 (full 2):
 PSYoungGen      total 495104K, used 120492K [0x000000076bb80000, 0x0000000796f80000, 0x00000007c0000000)
  eden space 333824K, 0% used [0x000000076bb80000,0x000000076bb80000,0x0000000780180000)
  from space 161280K, 74% used [0x0000000780180000,0x000000078772b200,0x0000000789f00000)
  to   space 171520K, 0% used [0x000000078c800000,0x000000078c800000,0x0000000796f80000)
 ParOldGen       total 174080K, used 63857K [0x00000006c3200000, 0x00000006cdc00000, 0x000000076bb80000)
  object space 174080K, 36% used [0x00000006c3200000,0x00000006c705c788,0x00000006cdc00000)
 Metaspace       used 45007K, capacity 45392K, committed 45696K, reserved 1089536K
  class space    used 6294K, capacity 6445K, committed 6528K, reserved 1048576K
}
Event: 54.066 GC heap before
{Heap before GC invocations=34 (full 2):
 PSYoungGen      total 495104K, used 454316K [0x000000076bb80000, 0x0000000796f80000, 0x00000007c0000000)
  eden space 333824K, 100% used [0x000000076bb80000,0x0000000780180000,0x0000000780180000)
  from space 161280K, 74% used [0x0000000780180000,0x000000078772b200,0x0000000789f00000)
  to   space 171520K, 0% used [0x000000078c800000,0x000000078c800000,0x0000000796f80000)
 ParOldGen       total 174080K, used 63857K [0x00000006c3200000, 0x00000006cdc00000, 0x000000076bb80000)
  object space 174080K, 36% used [0x00000006c3200000,0x00000006c705c788,0x00000006cdc00000)
 Metaspace       used 45034K, capacity 45392K, committed 45696K, reserved 1089536K
  class space    used 6294K, capacity 6445K, committed 6528K, reserved 1048576K
Event: 54.094 GC heap after
Heap after GC invocations=34 (full 2):
 PSYoungGen      total 526336K, used 128305K [0x000000076bb80000, 0x0000000798b80000, 0x00000007c0000000)
  eden space 354816K, 0% used [0x000000076bb80000,0x000000076bb80000,0x0000000781600000)
  from space 171520K, 74% used [0x000000078c800000,0x000000079454c4b8,0x0000000796f80000)
  to   space 182272K, 0% used [0x0000000781600000,0x0000000781600000,0x000000078c800000)
 ParOldGen       total 174080K, used 70321K [0x00000006c3200000, 0x00000006cdc00000, 0x000000076bb80000)
  object space 174080K, 40% used [0x00000006c3200000,0x00000006c76ac788,0x00000006cdc00000)
 Metaspace       used 45034K, capacity 45392K, committed 45696K, reserved 1089536K
  class space    used 6294K, capacity 6445K, committed 6528K, reserved 1048576K
}

