# JRE version: Java(TM) SE Runtime Environment (8.0_121-b13) (build 1.8.0_121-b13)
# Java VM: Java HotSpot(TM) 64-Bit Server VM (25.121-b13 mixed mode windows-amd64 compressed oops)
Heap:
 PSYoungGen      total 593408K, used 90894K [0x000000076bb80000, 0x0000000797400000, 0x00000007c0000000)
  eden space 512512K, 2% used [0x000000076bb80000,0x000000076ca79ab0,0x000000078b000000)
  from space 80896K, 93% used [0x0000000790a00000,0x00000007953c9e28,0x0000000795900000)
  to   space 92160K, 0% used [0x000000078b000000,0x000000078b000000,0x0000000790a00000)
 ParOldGen       total 160768K, used 86222K [0x00000006c3200000, 0x00000006ccf00000, 0x000000076bb80000)
  object space 160768K, 53% used [0x00000006c3200000,0x00000006c8633878,0x00000006ccf00000)
 Metaspace       used 44952K, capacity 45332K, committed 45696K, reserved 1089536K
  class space    used 6295K, capacity 6443K, committed 6528K, reserved 1048576K
GC Heap History (10 events):
Event: 28.964 GC heap before
{Heap before GC invocations=20 (full 2):
 PSYoungGen      total 368128K, used 368118K [0x000000076bb80000, 0x0000000789b80000, 0x00000007c0000000)
  eden space 326656K, 100% used [0x000000076bb80000,0x000000077fa80000,0x000000077fa80000)
  from space 41472K, 99% used [0x000000077fa80000,0x00000007822fd938,0x0000000782300000)
  to   space 50688K, 0% used [0x0000000786a00000,0x0000000786a00000,0x0000000789b80000)
 ParOldGen       total 160768K, used 57475K [0x00000006c3200000, 0x00000006ccf00000, 0x000000076bb80000)
  object space 160768K, 35% used [0x00000006c3200000,0x00000006c6a20c00,0x00000006ccf00000)
 Metaspace       used 44866K, capacity 45268K, committed 45440K, reserved 1087488K
  class space    used 6295K, capacity 6443K, committed 6528K, reserved 1048576K
Event: 28.981 GC heap after
Heap after GC invocations=20 (full 2):
 PSYoungGen      total 436736K, used 40114K [0x000000076bb80000, 0x000000078a080000, 0x00000007c0000000)
  eden space 386048K, 0% used [0x000000076bb80000,0x000000076bb80000,0x0000000783480000)
  from space 50688K, 79% used [0x0000000786a00000,0x000000078912cae8,0x0000000789b80000)
  to   space 54784K, 0% used [0x0000000783480000,0x0000000783480000,0x0000000786a00000)
 ParOldGen       total 160768K, used 67939K [0x00000006c3200000, 0x00000006ccf00000, 0x000000076bb80000)
  object space 160768K, 42% used [0x00000006c3200000,0x00000006c7458c00,0x00000006ccf00000)
 Metaspace       used 44866K, capacity 45268K, committed 45440K, reserved 1087488K
  class space    used 6295K, capacity 6443K, committed 6528K, reserved 1048576K
}
Event: 32.127 GC heap before
{Heap before GC invocations=21 (full 2):
 PSYoungGen      total 436736K, used 426162K [0x000000076bb80000, 0x000000078a080000, 0x00000007c0000000)
  eden space 386048K, 100% used [0x000000076bb80000,0x0000000783480000,0x0000000783480000)
  from space 50688K, 79% used [0x0000000786a00000,0x000000078912cae8,0x0000000789b80000)
  to   space 54784K, 0% used [0x0000000783480000,0x0000000783480000,0x0000000786a00000)
 ParOldGen       total 160768K, used 67939K [0x00000006c3200000, 0x00000006ccf00000, 0x000000076bb80000)
  object space 160768K, 42% used [0x00000006c3200000,0x00000006c7458c00,0x00000006ccf00000)
 Metaspace       used 44874K, capacity 45268K, committed 45440K, reserved 1087488K
  class space    used 6295K, capacity 6443K, committed 6528K, reserved 1048576K
Event: 32.142 GC heap after
Heap after GC invocations=21 (full 2):
 PSYoungGen      total 440832K, used 52639K [0x000000076bb80000, 0x000000078f200000, 0x00000007c0000000)
  eden space 386048K, 0% used [0x000000076bb80000,0x000000076bb80000,0x0000000783480000)
  from space 54784K, 96% used [0x0000000783480000,0x00000007867e7fb8,0x0000000786a00000)
  to   space 62464K, 0% used [0x000000078b500000,0x000000078b500000,0x000000078f200000)
 ParOldGen       total 160768K, used 67939K [0x00000006c3200000, 0x00000006ccf00000, 0x000000076bb80000)
  object space 160768K, 42% used [0x00000006c3200000,0x00000006c7458c00,0x00000006ccf00000)
 Metaspace       used 44874K, capacity 45268K, committed 45440K, reserved 1087488K
  class space    used 6295K, capacity 6443K, committed 6528K, reserved 1048576K
}
Event: 34.469 GC heap before
{Heap before GC invocations=22 (full 2):
 PSYoungGen      total 440832K, used 438687K [0x000000076bb80000, 0x000000078f200000, 0x00000007c0000000)
  eden space 386048K, 100% used [0x000000076bb80000,0x0000000783480000,0x0000000783480000)
  from space 54784K, 96% used [0x0000000783480000,0x00000007867e7fb8,0x0000000786a00000)
  to   space 62464K, 0% used [0x000000078b500000,0x000000078b500000,0x000000078f200000)
 ParOldGen       total 160768K, used 67939K [0x00000006c3200000, 0x00000006ccf00000, 0x000000076bb80000)
  object space 160768K, 42% used [0x00000006c3200000,0x00000006c7458c00,0x00000006ccf00000)
 Metaspace       used 44895K, capacity 45268K, committed 45440K, reserved 1087488K
  class space    used 6295K, capacity 6443K, committed 6528K, reserved 1048576K
Event: 34.489 GC heap after
Heap after GC invocations=22 (full 2):
 PSYoungGen      total 506880K, used 62452K [0x000000076bb80000, 0x0000000790b00000, 0x00000007c0000000)
  eden space 444416K, 0% used [0x000000076bb80000,0x000000076bb80000,0x0000000786d80000)
  from space 62464K, 99% used [0x000000078b500000,0x000000078f1fd2a8,0x000000078f200000)
  to   space 73216K, 0% used [0x0000000786d80000,0x0000000786d80000,0x000000078b500000)
 ParOldGen       total 160768K, used 70478K [0x00000006c3200000, 0x00000006ccf00000, 0x000000076bb80000)
  object space 160768K, 43% used [0x00000006c3200000,0x00000006c76d3878,0x00000006ccf00000)
 Metaspace       used 44895K, capacity 45268K, committed 45440K, reserved 1087488K
  class space    used 6295K, capacity 6443K, committed 6528K, reserved 1048576K
}
Event: 39.952 GC heap before
{Heap before GC invocations=23 (full 2):
 PSYoungGen      total 506880K, used 506868K [0x000000076bb80000, 0x0000000790b00000, 0x00000007c0000000)
  eden space 444416K, 100% used [0x000000076bb80000,0x0000000786d80000,0x0000000786d80000)
  from space 62464K, 99% used [0x000000078b500000,0x000000078f1fd2a8,0x000000078f200000)
  to   space 73216K, 0% used [0x0000000786d80000,0x0000000786d80000,0x000000078b500000)
 ParOldGen       total 160768K, used 70478K [0x00000006c3200000, 0x00000006ccf00000, 0x000000076bb80000)
  object space 160768K, 43% used [0x00000006c3200000,0x00000006c76d3878,0x00000006ccf00000)
 Metaspace       used 44945K, capacity 45332K, committed 45696K, reserved 1089536K
  class space    used 6295K, capacity 6443K, committed 6528K, reserved 1048576K
Event: 39.972 GC heap after
Heap after GC invocations=23 (full 2):
 PSYoungGen      total 517632K, used 62314K [0x000000076bb80000, 0x0000000795900000, 0x00000007c0000000)
  eden space 444416K, 0% used [0x000000076bb80000,0x000000076bb80000,0x0000000786d80000)
  from space 73216K, 85% used [0x0000000786d80000,0x000000078aa5aa00,0x000000078b500000)
  to   space 80896K, 0% used [0x0000000790a00000,0x0000000790a00000,0x0000000795900000)
 ParOldGen       total 160768K, used 86214K [0x00000006c3200000, 0x00000006ccf00000, 0x000000076bb80000)
  object space 160768K, 53% used [0x00000006c3200000,0x00000006c8631878,0x00000006ccf00000)
 Metaspace       used 44945K, capacity 45332K, committed 45696K, reserved 1089536K
  class space    used 6295K, capacity 6443K, committed 6528K, reserved 1048576K
}
Event: 42.831 GC heap before
{Heap before GC invocations=24 (full 2):
 PSYoungGen      total 517632K, used 506730K [0x000000076bb80000, 0x0000000795900000, 0x00000007c0000000)
  eden space 444416K, 100% used [0x000000076bb80000,0x0000000786d80000,0x0000000786d80000)
  from space 73216K, 85% used [0x0000000786d80000,0x000000078aa5aa00,0x000000078b500000)
  to   space 80896K, 0% used [0x0000000790a00000,0x0000000790a00000,0x0000000795900000)
 ParOldGen       total 160768K, used 86214K [0x00000006c3200000, 0x00000006ccf00000, 0x000000076bb80000)
  object space 160768K, 53% used [0x00000006c3200000,0x00000006c8631878,0x00000006ccf00000)
 Metaspace       used 44952K, capacity 45332K, committed 45696K, reserved 1089536K
  class space    used 6295K, capacity 6443K, committed 6528K, reserved 1048576K
Event: 42.856 GC heap after
Heap after GC invocations=24 (full 2):
 PSYoungGen      total 593408K, used 75559K [0x000000076bb80000, 0x0000000797400000, 0x00000007c0000000)
  eden space 512512K, 0% used [0x000000076bb80000,0x000000076bb80000,0x000000078b000000)
  from space 80896K, 93% used [0x0000000790a00000,0x00000007953c9e28,0x0000000795900000)
  to   space 92160K, 0% used [0x000000078b000000,0x000000078b000000,0x0000000790a00000)
 ParOldGen       total 160768K, used 86222K [0x00000006c3200000, 0x00000006ccf00000, 0x000000076bb80000)
  object space 160768K, 53% used [0x00000006c3200000,0x00000006c8633878,0x00000006ccf00000)
 Metaspace       used 44952K, capacity 45332K, committed 45696K, reserved 1089536K
  class space    used 6295K, capacity 6443K, committed 6528K, reserved 1048576K
}

